{"C:\\Users\\silvi\\OneDrive\\Desktop\\random\\test\\react-testing-app\\src\\components\\Counter\\Counter.tsx": {"path":"C:\\Users\\silvi\\OneDrive\\Desktop\\random\\test\\react-testing-app\\src\\components\\Counter\\Counter.tsx","statementMap":{"0":{"start":{"line":1,"column":0},"end":{"line":1,"column":33}},"1":{"start":{"line":3,"column":16},"end":{"line":12,"column":1}},"2":{"start":{"line":4,"column":30},"end":{"line":4,"column":41}},"3":{"start":{"line":6,"column":4},"end":{"line":11,"column":null}},"4":{"start":{"line":9,"column":41},"end":{"line":9,"column":69}},"5":{"start":{"line":9,"column":60},"end":{"line":9,"column":68}},"6":{"start":{"line":14,"column":0},"end":{"line":14,"column":23}}},"fnMap":{"0":{"name":"(anonymous_0)","decl":{"start":{"line":3,"column":16},"end":{"line":3,"column":19}},"loc":{"start":{"line":3,"column":21},"end":{"line":12,"column":1}}},"1":{"name":"(anonymous_1)","decl":{"start":{"line":9,"column":29},"end":{"line":9,"column":38}},"loc":{"start":{"line":9,"column":41},"end":{"line":9,"column":69}}},"2":{"name":"(anonymous_2)","decl":{"start":{"line":9,"column":50},"end":{"line":9,"column":51}},"loc":{"start":{"line":9,"column":60},"end":{"line":9,"column":68}}}},"branchMap":{},"s":{"0":1,"1":1,"2":4,"3":4,"4":1,"5":1,"6":1},"f":{"0":4,"1":1,"2":1},"b":{}}
,"C:\\Users\\silvi\\OneDrive\\Desktop\\random\\test\\react-testing-app\\src\\components\\Greet\\Greet.tsx": {"path":"C:\\Users\\silvi\\OneDrive\\Desktop\\random\\test\\react-testing-app\\src\\components\\Greet\\Greet.tsx","statementMap":{"0":{"start":{"line":3,"column":14},"end":{"line":7,"column":1}},"1":{"start":{"line":4,"column":4},"end":{"line":6,"column":null}},"2":{"start":{"line":9,"column":0},"end":{"line":9,"column":21}}},"fnMap":{"0":{"name":"(anonymous_0)","decl":{"start":{"line":3,"column":14},"end":{"line":3,"column":15}},"loc":{"start":{"line":3,"column":39},"end":{"line":7,"column":1}}}},"branchMap":{},"s":{"0":1,"1":2,"2":1},"f":{"0":2},"b":{}}
}
