{"C:\\Users\\silvi\\OneDrive\\Desktop\\random\\test\\react-testing-app\\src\\App.tsx": {"path":"C:\\Users\\silvi\\OneDrive\\Desktop\\random\\test\\react-testing-app\\src\\App.tsx","statementMap":{"0":{"start":{"line":1,"column":0},"end":{"line":1,"column":32}},"1":{"start":{"line":5,"column":28},"end":{"line":5,"column":39}},"2":{"start":{"line":7,"column":2},"end":{"line":30,"column":null}},"3":{"start":{"line":19,"column":31},"end":{"line":19,"column":61}},"4":{"start":{"line":19,"column":51},"end":{"line":19,"column":60}},"5":{"start":{"line":33,"column":0},"end":{"line":33,"column":null}}},"fnMap":{"0":{"name":"App","decl":{"start":{"line":4,"column":9},"end":{"line":4,"column":12}},"loc":{"start":{"line":4,"column":12},"end":{"line":31,"column":1}}},"1":{"name":"(anonymous_1)","decl":{"start":{"line":19,"column":25},"end":{"line":19,"column":28}},"loc":{"start":{"line":19,"column":31},"end":{"line":19,"column":61}}},"2":{"name":"(anonymous_2)","decl":{"start":{"line":19,"column":40},"end":{"line":19,"column":41}},"loc":{"start":{"line":19,"column":51},"end":{"line":19,"column":60}}}},"branchMap":{},"s":{"0":1,"1":6,"2":6,"3":1,"4":1,"5":1},"f":{"0":6,"1":1,"2":1},"b":{}}
,"C:\\Users\\silvi\\OneDrive\\Desktop\\random\\test\\react-testing-app\\src\\vite-env.d.ts": {"path":"C:\\Users\\silvi\\OneDrive\\Desktop\\random\\test\\react-testing-app\\src\\vite-env.d.ts","statementMap":{},"fnMap":{},"branchMap":{},"s":{},"f":{},"b":{}}
,"C:\\Users\\silvi\\OneDrive\\Desktop\\random\\test\\react-testing-app\\src\\components\\Greet\\Greet.tsx": {"path":"C:\\Users\\silvi\\OneDrive\\Desktop\\random\\test\\react-testing-app\\src\\components\\Greet\\Greet.tsx","statementMap":{"0":{"start":{"line":5,"column":14},"end":{"line":9,"column":1}},"1":{"start":{"line":6,"column":4},"end":{"line":8,"column":null}},"2":{"start":{"line":11,"column":0},"end":{"line":11,"column":21}}},"fnMap":{"0":{"name":"(anonymous_0)","decl":{"start":{"line":5,"column":14},"end":{"line":5,"column":15}},"loc":{"start":{"line":5,"column":39},"end":{"line":9,"column":1}}}},"branchMap":{},"s":{"0":1,"1":2,"2":1},"f":{"0":2},"b":{}}
}
